--------------------------------------------------------------------------------
                            Fri Jan 23 17:02:20 2015
--------------------------------------------------------------------------------

--------------------------------------------------------------------------------
                            Fri Jan 23 17:05:51 2015
--------------------------------------------------------------------------------

Done reading images
No more frame to process
--------------------------------------------------------------------------------
                            Fri Jan 23 17:08:11 2015
--------------------------------------------------------------------------------

Done reading images
No more frame to process
--------------------------------------------------------------------------------
                            Fri Jan 23 17:14:28 2015
--------------------------------------------------------------------------------

Done reading images
No more frame to process
--------------------------------------------------------------------------------
                            Fri Jan 23 17:21:14 2015
--------------------------------------------------------------------------------

Done reading images
No more frame to process
--------------------------------------------------------------------------------
                            Fri Jan 23 17:22:35 2015
--------------------------------------------------------------------------------

Done reading images
No more frame to process
--------------------------------------------------------------------------------
                            Fri Jan 23 17:23:02 2015
--------------------------------------------------------------------------------

Done reading images
No more frame to process
--------------------------------------------------------------------------------
                            Fri Jan 23 17:37:25 2015
--------------------------------------------------------------------------------

Done reading images
No more frame to process
--------------------------------------------------------------------------------
                            Fri Jan 23 17:46:53 2015
--------------------------------------------------------------------------------

Done reading images
No more frame to process
--------------------------------------------------------------------------------
                            Fri Jan 23 17:57:16 2015
--------------------------------------------------------------------------------

Done reading images
No more frame to process
--------------------------------------------------------------------------------
                            Fri Jan 30 14:00:58 2015
--------------------------------------------------------------------------------

Done reading images
No more frame to process
--------------------------------------------------------------------------------
                            Fri Jan 30 16:26:20 2015
--------------------------------------------------------------------------------

Done reading images
No more frame to process
--------------------------------------------------------------------------------
                            Fri Jan 30 16:34:39 2015
--------------------------------------------------------------------------------

Done reading images
No more frame to process
--------------------------------------------------------------------------------
                            Fri Jan 30 16:42:43 2015
--------------------------------------------------------------------------------

Done reading images
No more frame to process
--------------------------------------------------------------------------------
                            Fri Jan 30 16:59:15 2015
--------------------------------------------------------------------------------

Done reading images
No more frame to process
--------------------------------------------------------------------------------
                            Fri Jan 30 17:56:28 2015
--------------------------------------------------------------------------------

Done reading images
No more frame to process
--------------------------------------------------------------------------------
                            Fri Jan 30 18:00:12 2015
--------------------------------------------------------------------------------

Done reading images
No more frame to process
--------------------------------------------------------------------------------
                            Tue Feb 03 12:14:20 2015
--------------------------------------------------------------------------------

Done reading images
No more frame to process
--------------------------------------------------------------------------------
                            Tue Feb 03 12:21:36 2015
--------------------------------------------------------------------------------

Done reading images
No more frame to process
--------------------------------------------------------------------------------
                            Tue Feb 03 14:24:30 2015
--------------------------------------------------------------------------------

Done reading images
No more frame to process
--------------------------------------------------------------------------------
                            Tue Feb 03 15:10:09 2015
--------------------------------------------------------------------------------

Done reading images
No more frame to process
--------------------------------------------------------------------------------
                            Tue Feb 03 15:20:36 2015
--------------------------------------------------------------------------------

Done reading images
No more frame to process
--------------------------------------------------------------------------------
                            Tue Feb 03 15:28:25 2015
--------------------------------------------------------------------------------

Done reading images
No more frame to process
--------------------------------------------------------------------------------
                            Thu Feb 05 13:04:37 2015
--------------------------------------------------------------------------------

Done reading images
No more frame to process
--------------------------------------------------------------------------------
                            Thu Feb 05 13:47:45 2015
--------------------------------------------------------------------------------

Done reading images
No more frame to process
--------------------------------------------------------------------------------
                            Thu Feb 05 14:11:52 2015
--------------------------------------------------------------------------------

Done reading images
No more frame to process
--------------------------------------------------------------------------------
                            Thu Feb 05 15:55:34 2015
--------------------------------------------------------------------------------

Done reading images
No more frame to process
--------------------------------------------------------------------------------
                            Thu Feb 05 15:58:51 2015
--------------------------------------------------------------------------------

Done reading images
No more frame to process
--------------------------------------------------------------------------------
                            Thu Feb 05 16:20:49 2015
--------------------------------------------------------------------------------

Done reading images
No more frame to process
--------------------------------------------------------------------------------
                            Mon Feb 09 17:18:41 2015
--------------------------------------------------------------------------------

Done reading images
No more frame to process
--------------------------------------------------------------------------------
                            Sun Feb 22 00:04:22 2015
--------------------------------------------------------------------------------

Done reading images
No more frame to process
--------------------------------------------------------------------------------
                            Sun Feb 22 01:02:06 2015
--------------------------------------------------------------------------------

Done reading images
No more frame to process
--------------------------------------------------------------------------------
                            Sun Feb 22 01:13:01 2015
--------------------------------------------------------------------------------

Done reading images
No more frame to process
--------------------------------------------------------------------------------
                            Sun Feb 22 02:10:52 2015
--------------------------------------------------------------------------------

Done reading images
No more frame to process
--------------------------------------------------------------------------------
                            Sun Feb 22 11:17:44 2015
--------------------------------------------------------------------------------

Done reading images
No more frame to process
--------------------------------------------------------------------------------
                            Tue Feb 24 11:50:15 2015
--------------------------------------------------------------------------------

Done reading images
No more frame to process
--------------------------------------------------------------------------------
                            Tue Feb 24 13:48:27 2015
--------------------------------------------------------------------------------

Done reading images
No more frame to process
--------------------------------------------------------------------------------
                            Tue Feb 24 13:52:34 2015
--------------------------------------------------------------------------------

Done reading images
No more frame to process
--------------------------------------------------------------------------------
                            Tue Feb 24 13:58:33 2015
--------------------------------------------------------------------------------

Done reading images
No more frame to process
--------------------------------------------------------------------------------
                            Tue Feb 24 14:19:28 2015
--------------------------------------------------------------------------------

Done reading images
No more frame to process
--------------------------------------------------------------------------------
                            Tue Feb 24 16:07:33 2015
--------------------------------------------------------------------------------

Done reading images
No more frame to process
--------------------------------------------------------------------------------
                            Wed Feb 25 12:08:27 2015
--------------------------------------------------------------------------------

Done reading images
No more frame to process
--------------------------------------------------------------------------------
                            Wed Feb 25 15:25:23 2015
--------------------------------------------------------------------------------

Done reading images
No more frame to process
--------------------------------------------------------------------------------
                            Wed Feb 25 16:08:03 2015
--------------------------------------------------------------------------------

Done reading images
No more frame to process
--------------------------------------------------------------------------------
                            Mon Mar 02 18:12:41 2015
--------------------------------------------------------------------------------

Done reading images
No more frame to process
--------------------------------------------------------------------------------
                            Mon Mar 02 18:56:55 2015
--------------------------------------------------------------------------------

Done reading images
No more frame to process
--------------------------------------------------------------------------------
                            Tue Mar 03 10:21:03 2015
--------------------------------------------------------------------------------

Done reading images
No more frame to process
--------------------------------------------------------------------------------
                            Tue Mar 03 10:40:50 2015
--------------------------------------------------------------------------------

Done reading images
No more frame to process
--------------------------------------------------------------------------------
                            Tue Mar 03 11:05:51 2015
--------------------------------------------------------------------------------

Done reading images
No more frame to process
--------------------------------------------------------------------------------
                            Tue Mar 03 11:14:24 2015
--------------------------------------------------------------------------------

Done reading images
No more frame to process
--------------------------------------------------------------------------------
                            Tue Mar 03 12:30:45 2015
--------------------------------------------------------------------------------

Done reading images
No more frame to process
--------------------------------------------------------------------------------
                            Tue Mar 03 13:19:44 2015
--------------------------------------------------------------------------------

Done reading images
No more frame to process
--------------------------------------------------------------------------------
                            Tue Mar 03 13:34:38 2015
--------------------------------------------------------------------------------

Done reading images
No more frame to process
--------------------------------------------------------------------------------
                            Tue Mar 03 13:47:48 2015
--------------------------------------------------------------------------------

Done reading images
No more frame to process
--------------------------------------------------------------------------------
                            Tue Mar 03 18:04:24 2015
--------------------------------------------------------------------------------

Done reading images
No more frame to process
--------------------------------------------------------------------------------
                            Tue Mar 03 18:13:06 2015
--------------------------------------------------------------------------------

Done reading images
No more frame to process
--------------------------------------------------------------------------------
                            Tue Mar 03 19:14:00 2015
--------------------------------------------------------------------------------

Done reading images
No more frame to process
--------------------------------------------------------------------------------
                            Tue Mar 03 19:21:07 2015
--------------------------------------------------------------------------------

Done reading images
No more frame to process
--------------------------------------------------------------------------------
                            Tue Mar 03 19:47:19 2015
--------------------------------------------------------------------------------

Done reading images
No more frame to process
